<?xml version="1.0" encoding="UTF-8"?>
<!-- Generated by org.testng.reporters.JUnitReportReporter -->
<testsuite skipped="0" hostname="LAPTOP-RVDMUTME" name="GoogleSearch.Windowshandle" tests="1" failures="0" timestamp="27 Dec 2019 14:47:58 GMT" time="20.905" errors="0">
  <testcase name="Windowa" time="20.905" classname="GoogleSearch.Windowshandle"/>
</testsuite> <!-- GoogleSearch.Windowshandle -->
